<?xml version="1.0" encoding="UTF-8"?>
<!-- Generated by org.testng.reporters.JUnitXMLReporter -->
<testsuite ignored="0" hostname="LAPTOP-IDO47SIU" failures="0" tests="3" name="Default test" time="22.756" errors="0" timestamp="2022-06-08T21:06:08 IST">
  <testcase classname="TestCases.DashboardPageTest" name="verifyEmailIdTest" time="0.236"/>
  <testcase classname="TestCases.DashboardPageTest" name="verifyPlaceGttOrder" time="1.144"/>
  <testcase classname="TestCases.DashboardPageTest" name="verifynameTest" time="0.231"/>
</testsuite> <!-- Default test -->
